<?xml version="1.0" encoding="UTF-8"?>
<!-- Generated by org.testng.reporters.JUnitXMLReporter -->
<testsuite ignored="0" hostname="Arockiasamys-MacBook-Pro.local" failures="0" tests="4" name="UserTest" time="3.322" errors="0" timestamp="2023-03-30T21:58:33 PDT">
  <testcase classname="api.test.UserTests2FromProperties" name="createUserTest" time="1.505"/>
  <testcase classname="api.test.UserTests2FromProperties" name="getUserTest" time="0.435"/>
  <testcase classname="api.test.UserTests2FromProperties" name="updateUserTest" time="0.824"/>
  <testcase classname="api.test.UserTests2FromProperties" name="deleteUser" time="0.411"/>
</testsuite> <!-- UserTest -->
