<?xml version="1.0" encoding="UTF-8"?>
<!-- Generated by org.testng.reporters.JUnitXMLReporter -->
<testsuite ignored="0" hostname="Arockiasamys-MacBook-Pro.local" failures="0" tests="12" name="Surefire test" time="7.887" errors="0" timestamp="2023-03-30T22:27:00 PDT">
  <testcase classname="api.test.DDForUserTests" name="createUserTest" time="1.559"/>
  <testcase classname="api.test.DDForUserTests" name="createUserTest" time="0.414"/>
  <testcase classname="api.test.DDForUserTests" name="createUserTest" time="0.413"/>
  <testcase classname="api.test.DDForUserTests" name="createUserTest" time="0.416"/>
  <testcase classname="api.test.DDForUserTests" name="deleteUserTest" time="0.42"/>
  <testcase classname="api.test.DDForUserTests" name="deleteUserTest" time="0.412"/>
  <testcase classname="api.test.DDForUserTests" name="deleteUserTest" time="0.412"/>
  <testcase classname="api.test.DDForUserTests" name="deleteUserTest" time="0.409"/>
  <testcase classname="api.test.UserTests" name="createUserTest" time="0.405"/>
  <testcase classname="api.test.UserTests" name="getUserTest" time="0.413"/>
  <testcase classname="api.test.UserTests" name="updateUserTest" time="0.819"/>
  <testcase classname="api.test.UserTests" name="deleteUser" time="0.406"/>
</testsuite> <!-- Surefire test -->
