<?xml version="1.0" encoding="UTF-8"?>
<!-- Generated by org.testng.reporters.JUnitXMLReporter -->
<testsuite ignored="0" hostname="Arockiasamys-MacBook-Pro.local" failures="0" tests="4" name="Default test" time="3.349" errors="0" timestamp="2023-03-30T17:47:40 PDT">
  <testcase classname="api.test.UserTests2FromProperties" name="createUserTest" time="1.522"/>
  <testcase classname="api.test.UserTests2FromProperties" name="getUserTest" time="0.431"/>
  <testcase classname="api.test.UserTests2FromProperties" name="updateUserTest" time="0.837"/>
  <testcase classname="api.test.UserTests2FromProperties" name="deleteUser" time="0.416"/>
</testsuite> <!-- Default test -->
