<?xml version="1.0" encoding="UTF-8"?>
<testsuite xmlns:xsi="http://www.w3.org/2001/XMLSchema-instance" xsi:noNamespaceSchemaLocation="https://maven.apache.org/surefire/maven-surefire-plugin/xsd/surefire-test-report-3.0.xsd" version="3.0" name="TestSuite" time="8.08" tests="12" errors="0" skipped="0" failures="0">
  <properties>
[...]
</properties>
  <testcase name="createUserTest[1010, testUser1, Jack, Candey, a@gmail.com, test@1, 123456789](1)" classname="api.test.DDForUserTests" time="1.561">
    <system-out><![CDATA[HTTP/1.1 200 OK
Date: Fri, 31 Mar 2023 05:26:55 GMT
Content-Type: application/json
Transfer-Encoding: chunked
Connection: keep-alive
Access-Control-Allow-Origin: *
Access-Control-Allow-Methods: GET, POST, DELETE, PUT
Access-Control-Allow-Headers: Content-Type, api_key, Authorization
Server: Jetty(9.2.9.v20150224)

{
    "code": 200,
    "type": "unknown",
    "message": "1010"
}
]]></system-out>
  </testcase>
  <testcase name="createUserTest[1020, testUser2, Mil, Cam, b@gmail.com, test@2, 223456789](2)" classname="api.test.DDForUserTests" time="0.413">
    <system-out><![CDATA[HTTP/1.1 200 OK
Date: Fri, 31 Mar 2023 05:26:56 GMT
Content-Type: application/json
Transfer-Encoding: chunked
Connection: keep-alive
Access-Control-Allow-Origin: *
Access-Control-Allow-Methods: GET, POST, DELETE, PUT
Access-Control-Allow-Headers: Content-Type, api_key, Authorization
Server: Jetty(9.2.9.v20150224)

{
    "code": 200,
    "type": "unknown",
    "message": "1020"
}
]]></system-out>
  </testcase>
  <testcase name="createUserTest[1030, testUser3, Nick, Vil, c@gmail.com, test@3, 333456789](3)" classname="api.test.DDForUserTests" time="0.414">
    <system-out><![CDATA[HTTP/1.1 200 OK
Date: Fri, 31 Mar 2023 05:26:56 GMT
Content-Type: application/json
Transfer-Encoding: chunked
Connection: keep-alive
Access-Control-Allow-Origin: *
Access-Control-Allow-Methods: GET, POST, DELETE, PUT
Access-Control-Allow-Headers: Content-Type, api_key, Authorization
Server: Jetty(9.2.9.v20150224)

{
    "code": 200,
    "type": "unknown",
    "message": "1030"
}
]]></system-out>
  </testcase>
  <testcase name="createUserTest[1040, testUser4, Hin, Samy, d@gmail.com, test@4, 443456789](4)" classname="api.test.DDForUserTests" time="0.416">
    <system-out><![CDATA[HTTP/1.1 200 OK
Date: Fri, 31 Mar 2023 05:26:56 GMT
Content-Type: application/json
Transfer-Encoding: chunked
Connection: keep-alive
Access-Control-Allow-Origin: *
Access-Control-Allow-Methods: GET, POST, DELETE, PUT
Access-Control-Allow-Headers: Content-Type, api_key, Authorization
Server: Jetty(9.2.9.v20150224)

{
    "code": 200,
    "type": "unknown",
    "message": "1040"
}
]]></system-out>
  </testcase>
  <testcase name="deleteUserTest[testUser1](1)" classname="api.test.DDForUserTests" time="0.421">
    <system-out><![CDATA[HTTP/1.1 200 OK
Date: Fri, 31 Mar 2023 05:26:57 GMT
Content-Type: application/json
Transfer-Encoding: chunked
Connection: keep-alive
Access-Control-Allow-Origin: *
Access-Control-Allow-Methods: GET, POST, DELETE, PUT
Access-Control-Allow-Headers: Content-Type, api_key, Authorization
Server: Jetty(9.2.9.v20150224)

{
    "code": 200,
    "type": "unknown",
    "message": "testUser1"
}
]]></system-out>
  </testcase>
  <testcase name="deleteUserTest[testUser2](2)" classname="api.test.DDForUserTests" time="0.412">
    <system-out><![CDATA[HTTP/1.1 200 OK
Date: Fri, 31 Mar 2023 05:26:57 GMT
Content-Type: application/json
Transfer-Encoding: chunked
Connection: keep-alive
Access-Control-Allow-Origin: *
Access-Control-Allow-Methods: GET, POST, DELETE, PUT
Access-Control-Allow-Headers: Content-Type, api_key, Authorization
Server: Jetty(9.2.9.v20150224)

{
    "code": 200,
    "type": "unknown",
    "message": "testUser2"
}
]]></system-out>
  </testcase>
  <testcase name="deleteUserTest[testUser3](3)" classname="api.test.DDForUserTests" time="0.413">
    <system-out><![CDATA[HTTP/1.1 200 OK
Date: Fri, 31 Mar 2023 05:26:58 GMT
Content-Type: application/json
Transfer-Encoding: chunked
Connection: keep-alive
Access-Control-Allow-Origin: *
Access-Control-Allow-Methods: GET, POST, DELETE, PUT
Access-Control-Allow-Headers: Content-Type, api_key, Authorization
Server: Jetty(9.2.9.v20150224)

{
    "code": 200,
    "type": "unknown",
    "message": "testUser3"
}
]]></system-out>
  </testcase>
  <testcase name="deleteUserTest[testUser4](4)" classname="api.test.DDForUserTests" time="0.409">
    <system-out><![CDATA[HTTP/1.1 200 OK
Date: Fri, 31 Mar 2023 05:26:58 GMT
Content-Type: application/json
Transfer-Encoding: chunked
Connection: keep-alive
Access-Control-Allow-Origin: *
Access-Control-Allow-Methods: GET, POST, DELETE, PUT
Access-Control-Allow-Headers: Content-Type, api_key, Authorization
Server: Jetty(9.2.9.v20150224)

{
    "code": 200,
    "type": "unknown",
    "message": "testUser4"
}
]]></system-out>
  </testcase>
  <testcase name="createUserTest" classname="api.test.UserTests" time="0.405">
    <system-out><![CDATA[HTTP/1.1 200 OK
Date: Fri, 31 Mar 2023 05:26:59 GMT
Content-Type: application/json
Transfer-Encoding: chunked
Connection: keep-alive
Access-Control-Allow-Origin: *
Access-Control-Allow-Methods: GET, POST, DELETE, PUT
Access-Control-Allow-Headers: Content-Type, api_key, Authorization
Server: Jetty(9.2.9.v20150224)

{
    "code": 200,
    "type": "unknown",
    "message": "178737851"
}
]]></system-out>
  </testcase>
  <testcase name="getUserTest" classname="api.test.UserTests" time="0.413">
    <system-out><![CDATA[HTTP/1.1 200 OK
Date: Fri, 31 Mar 2023 05:26:59 GMT
Content-Type: application/json
Transfer-Encoding: chunked
Connection: keep-alive
Access-Control-Allow-Origin: *
Access-Control-Allow-Methods: GET, POST, DELETE, PUT
Access-Control-Allow-Headers: Content-Type, api_key, Authorization
Server: Jetty(9.2.9.v20150224)

{
    "id": 178737851,
    "username": "chun.lowe",
    "firstName": "Lori",
    "lastName": "Hane",
    "email": "malorie.rice@example.com",
    "password": "fncg2",
    "phone": "(940) 892-0261",
    "userStatus": 0
}
]]></system-out>
  </testcase>
  <testcase name="updateUserTest" classname="api.test.UserTests" time="0.819">
    <system-out><![CDATA[{
    "code": 200,
    "type": "unknown",
    "message": "178737851"
}
]]></system-out>
  </testcase>
  <testcase name="deleteUser" classname="api.test.UserTests" time="0.407"/>
</testsuite>