<?xml version="1.0" encoding="UTF-8"?>
<testng-results ignored="0" total="12" passed="12" failed="0" skipped="0">
  <reporter-output>
  </reporter-output>
  <suite started-at="2023-03-30T22:26:52 PDT" name="Surefire suite" finished-at="2023-03-30T22:27:00 PDT" duration-ms="7887">
    <groups>
    </groups>
    <test started-at="2023-03-30T22:26:52 PDT" name="Surefire test" finished-at="2023-03-30T22:27:00 PDT" duration-ms="7887">
      <class name="api.test.UserTests">
        <test-method is-config="true" signature="setUp()[pri:0, instance:api.test.UserTests@6166e06f]" started-at="2023-03-30T22:26:58 PDT" name="setUp" finished-at="2023-03-30T22:26:58 PDT" duration-ms="106" status="PASS">
          <reporter-output>
          </reporter-output>
        </test-method> <!-- setUp -->
        <test-method signature="createUserTest()[pri:1, instance:api.test.UserTests@6166e06f]" started-at="2023-03-30T22:26:58 PDT" name="createUserTest" finished-at="2023-03-30T22:26:59 PDT" duration-ms="405" status="PASS">
          <reporter-output>
          </reporter-output>
        </test-method> <!-- createUserTest -->
        <test-method signature="getUserTest()[pri:2, instance:api.test.UserTests@6166e06f]" started-at="2023-03-30T22:26:59 PDT" name="getUserTest" finished-at="2023-03-30T22:26:59 PDT" depends-on-methods="api.test.UserTests.createUserTest" duration-ms="413" status="PASS">
          <reporter-output>
          </reporter-output>
        </test-method> <!-- getUserTest -->
        <test-method signature="updateUserTest()[pri:3, instance:api.test.UserTests@6166e06f]" started-at="2023-03-30T22:26:59 PDT" name="updateUserTest" finished-at="2023-03-30T22:27:00 PDT" depends-on-methods="api.test.UserTests.getUserTest" duration-ms="819" status="PASS">
          <reporter-output>
          </reporter-output>
        </test-method> <!-- updateUserTest -->
        <test-method signature="deleteUser()[pri:4, instance:api.test.UserTests@6166e06f]" started-at="2023-03-30T22:27:00 PDT" name="deleteUser" finished-at="2023-03-30T22:27:00 PDT" depends-on-methods="api.test.UserTests.updateUserTest" duration-ms="406" status="PASS">
          <reporter-output>
          </reporter-output>
        </test-method> <!-- deleteUser -->
      </class> <!-- api.test.UserTests -->
      <class name="api.test.DDForUserTests">
        <test-method signature="createUserTest(java.lang.String,java.lang.String,java.lang.String,java.lang.String,java.lang.String,java.lang.String,java.lang.String)[pri:1, instance:api.test.DDForUserTests@32cf48b7]" started-at="2023-03-30T22:26:54 PDT" name="createUserTest" data-provider="Data" finished-at="2023-03-30T22:26:55 PDT" duration-ms="1559" status="PASS">
          <params>
            <param index="0">
              <value>
                <![CDATA[1010]]>
              </value>
            </param>
            <param index="1">
              <value>
                <![CDATA[testUser1]]>
              </value>
            </param>
            <param index="2">
              <value>
                <![CDATA[Jack]]>
              </value>
            </param>
            <param index="3">
              <value>
                <![CDATA[Candey]]>
              </value>
            </param>
            <param index="4">
              <value>
                <![CDATA[a@gmail.com]]>
              </value>
            </param>
            <param index="5">
              <value>
                <![CDATA[test@1]]>
              </value>
            </param>
            <param index="6">
              <value>
                <![CDATA[123456789]]>
              </value>
            </param>
          </params>
          <reporter-output>
          </reporter-output>
        </test-method> <!-- createUserTest -->
        <test-method signature="createUserTest(java.lang.String,java.lang.String,java.lang.String,java.lang.String,java.lang.String,java.lang.String,java.lang.String)[pri:1, instance:api.test.DDForUserTests@32cf48b7]" started-at="2023-03-30T22:26:55 PDT" name="createUserTest" data-provider="Data" finished-at="2023-03-30T22:26:56 PDT" duration-ms="414" status="PASS">
          <params>
            <param index="0">
              <value>
                <![CDATA[1020]]>
              </value>
            </param>
            <param index="1">
              <value>
                <![CDATA[testUser2]]>
              </value>
            </param>
            <param index="2">
              <value>
                <![CDATA[Mil]]>
              </value>
            </param>
            <param index="3">
              <value>
                <![CDATA[Cam]]>
              </value>
            </param>
            <param index="4">
              <value>
                <![CDATA[b@gmail.com]]>
              </value>
            </param>
            <param index="5">
              <value>
                <![CDATA[test@2]]>
              </value>
            </param>
            <param index="6">
              <value>
                <![CDATA[223456789]]>
              </value>
            </param>
          </params>
          <reporter-output>
          </reporter-output>
        </test-method> <!-- createUserTest -->
        <test-method signature="createUserTest(java.lang.String,java.lang.String,java.lang.String,java.lang.String,java.lang.String,java.lang.String,java.lang.String)[pri:1, instance:api.test.DDForUserTests@32cf48b7]" started-at="2023-03-30T22:26:56 PDT" name="createUserTest" data-provider="Data" finished-at="2023-03-30T22:26:56 PDT" duration-ms="413" status="PASS">
          <params>
            <param index="0">
              <value>
                <![CDATA[1030]]>
              </value>
            </param>
            <param index="1">
              <value>
                <![CDATA[testUser3]]>
              </value>
            </param>
            <param index="2">
              <value>
                <![CDATA[Nick]]>
              </value>
            </param>
            <param index="3">
              <value>
                <![CDATA[Vil]]>
              </value>
            </param>
            <param index="4">
              <value>
                <![CDATA[c@gmail.com]]>
              </value>
            </param>
            <param index="5">
              <value>
                <![CDATA[test@3]]>
              </value>
            </param>
            <param index="6">
              <value>
                <![CDATA[333456789]]>
              </value>
            </param>
          </params>
          <reporter-output>
          </reporter-output>
        </test-method> <!-- createUserTest -->
        <test-method signature="createUserTest(java.lang.String,java.lang.String,java.lang.String,java.lang.String,java.lang.String,java.lang.String,java.lang.String)[pri:1, instance:api.test.DDForUserTests@32cf48b7]" started-at="2023-03-30T22:26:56 PDT" name="createUserTest" data-provider="Data" finished-at="2023-03-30T22:26:56 PDT" duration-ms="416" status="PASS">
          <params>
            <param index="0">
              <value>
                <![CDATA[1040]]>
              </value>
            </param>
            <param index="1">
              <value>
                <![CDATA[testUser4]]>
              </value>
            </param>
            <param index="2">
              <value>
                <![CDATA[Hin]]>
              </value>
            </param>
            <param index="3">
              <value>
                <![CDATA[Samy]]>
              </value>
            </param>
            <param index="4">
              <value>
                <![CDATA[d@gmail.com]]>
              </value>
            </param>
            <param index="5">
              <value>
                <![CDATA[test@4]]>
              </value>
            </param>
            <param index="6">
              <value>
                <![CDATA[443456789]]>
              </value>
            </param>
          </params>
          <reporter-output>
          </reporter-output>
        </test-method> <!-- createUserTest -->
        <test-method signature="deleteUserTest(java.lang.String)[pri:1, instance:api.test.DDForUserTests@32cf48b7]" started-at="2023-03-30T22:26:57 PDT" name="deleteUserTest" data-provider="UserNames" finished-at="2023-03-30T22:26:57 PDT" duration-ms="420" status="PASS">
          <params>
            <param index="0">
              <value>
                <![CDATA[testUser1]]>
              </value>
            </param>
          </params>
          <reporter-output>
          </reporter-output>
        </test-method> <!-- deleteUserTest -->
        <test-method signature="deleteUserTest(java.lang.String)[pri:1, instance:api.test.DDForUserTests@32cf48b7]" started-at="2023-03-30T22:26:57 PDT" name="deleteUserTest" data-provider="UserNames" finished-at="2023-03-30T22:26:57 PDT" duration-ms="412" status="PASS">
          <params>
            <param index="0">
              <value>
                <![CDATA[testUser2]]>
              </value>
            </param>
          </params>
          <reporter-output>
          </reporter-output>
        </test-method> <!-- deleteUserTest -->
        <test-method signature="deleteUserTest(java.lang.String)[pri:1, instance:api.test.DDForUserTests@32cf48b7]" started-at="2023-03-30T22:26:57 PDT" name="deleteUserTest" data-provider="UserNames" finished-at="2023-03-30T22:26:58 PDT" duration-ms="412" status="PASS">
          <params>
            <param index="0">
              <value>
                <![CDATA[testUser3]]>
              </value>
            </param>
          </params>
          <reporter-output>
          </reporter-output>
        </test-method> <!-- deleteUserTest -->
        <test-method signature="deleteUserTest(java.lang.String)[pri:1, instance:api.test.DDForUserTests@32cf48b7]" started-at="2023-03-30T22:26:58 PDT" name="deleteUserTest" data-provider="UserNames" finished-at="2023-03-30T22:26:58 PDT" duration-ms="409" status="PASS">
          <params>
            <param index="0">
              <value>
                <![CDATA[testUser4]]>
              </value>
            </param>
          </params>
          <reporter-output>
          </reporter-output>
        </test-method> <!-- deleteUserTest -->
      </class> <!-- api.test.DDForUserTests -->
    </test> <!-- Surefire test -->
  </suite> <!-- Surefire suite -->
</testng-results>
